# JRE version: Java(TM) SE Runtime Environment (17.0.12+8) (build 17.0.12+8-LTS-286)
# Java VM: Java HotSpot(TM) 64-Bit Server VM (17.0.12+8-LTS-286, mixed mode, sharing, tiered, compressed oops, compressed class ptrs, g1 gc, windows-amd64)
GC Precious Log:
 CPUs: 8 total, 8 available
 Memory: 16227M
 Large Page Support: Disabled
 NUMA Support: Disabled
 Compressed Oops: Enabled (Zero based)
 Heap Region Size: 2M
 Heap Min Capacity: 8M
 Heap Initial Capacity: 254M
 Heap Max Capacity: 3G
 Pre-touch: Disabled
 Parallel Workers: 8
 Concurrent Workers: 2
 Concurrent Refinement Workers: 8
 Periodic GC: Disabled
Heap:
 garbage-first heap   total 182272K, used 138062K [0x0000000740000000, 0x0000000800000000)
  region size 2048K, 5 young (10240K), 2 survivors (4096K)
 Metaspace       used 106320K, committed 107328K, reserved 557056K
  class space    used 14670K, committed 15168K, reserved 425984K
GC Heap History (20 events):
Event: 194.838 GC heap before
{Heap before GC invocations=84 (full 0):
 garbage-first heap   total 151552K, used 128168K [0x0000000740000000, 0x0000000800000000)
  region size 2048K, 4 young (8192K), 1 survivors (2048K)
 Metaspace       used 100472K, committed 101440K, reserved 557056K
  class space    used 13948K, committed 14464K, reserved 425984K
}
Event: 194.847 GC heap after
{Heap after GC invocations=85 (full 0):
 garbage-first heap   total 151552K, used 124332K [0x0000000740000000, 0x0000000800000000)
  region size 2048K, 1 young (2048K), 1 survivors (2048K)
 Metaspace       used 100472K, committed 101440K, reserved 557056K
  class space    used 13948K, committed 14464K, reserved 425984K
}
Event: 195.600 GC heap before
{Heap before GC invocations=85 (full 0):
 garbage-first heap   total 151552K, used 130476K [0x0000000740000000, 0x0000000800000000)
  region size 2048K, 4 young (8192K), 1 survivors (2048K)
 Metaspace       used 100847K, committed 101824K, reserved 557056K
  class space    used 14000K, committed 14528K, reserved 425984K
}
Event: 195.604 GC heap after
{Heap after GC invocations=86 (full 0):
 garbage-first heap   total 151552K, used 124648K [0x0000000740000000, 0x0000000800000000)
  region size 2048K, 1 young (2048K), 1 survivors (2048K)
 Metaspace       used 100847K, committed 101824K, reserved 557056K
  class space    used 14000K, committed 14528K, reserved 425984K
}
Event: 196.338 GC heap before
{Heap before GC invocations=86 (full 0):
 garbage-first heap   total 151552K, used 130792K [0x0000000740000000, 0x0000000800000000)
  region size 2048K, 4 young (8192K), 1 survivors (2048K)
 Metaspace       used 101150K, committed 102144K, reserved 557056K
  class space    used 14045K, committed 14528K, reserved 425984K
}
Event: 196.342 GC heap after
{Heap after GC invocations=87 (full 0):
 garbage-first heap   total 151552K, used 124933K [0x0000000740000000, 0x0000000800000000)
  region size 2048K, 1 young (2048K), 1 survivors (2048K)
 Metaspace       used 101150K, committed 102144K, reserved 557056K
  class space    used 14045K, committed 14528K, reserved 425984K
}
Event: 197.886 GC heap before
{Heap before GC invocations=87 (full 0):
 garbage-first heap   total 151552K, used 131077K [0x0000000740000000, 0x0000000800000000)
  region size 2048K, 4 young (8192K), 1 survivors (2048K)
 Metaspace       used 101502K, committed 102528K, reserved 557056K
  class space    used 14087K, committed 14592K, reserved 425984K
}
Event: 197.894 GC heap after
{Heap after GC invocations=88 (full 0):
 garbage-first heap   total 151552K, used 125632K [0x0000000740000000, 0x0000000800000000)
  region size 2048K, 1 young (2048K), 1 survivors (2048K)
 Metaspace       used 101502K, committed 102528K, reserved 557056K
  class space    used 14087K, committed 14592K, reserved 425984K
}
Event: 198.235 GC heap before
{Heap before GC invocations=88 (full 0):
 garbage-first heap   total 151552K, used 131776K [0x0000000740000000, 0x0000000800000000)
  region size 2048K, 4 young (8192K), 1 survivors (2048K)
 Metaspace       used 101652K, committed 102656K, reserved 557056K
  class space    used 14114K, committed 14592K, reserved 425984K
}
Event: 198.241 GC heap after
{Heap after GC invocations=89 (full 0):
 garbage-first heap   total 151552K, used 126330K [0x0000000740000000, 0x0000000800000000)
  region size 2048K, 1 young (2048K), 1 survivors (2048K)
 Metaspace       used 101652K, committed 102656K, reserved 557056K
  class space    used 14114K, committed 14592K, reserved 425984K
}
Event: 198.642 GC heap before
{Heap before GC invocations=89 (full 0):
 garbage-first heap   total 151552K, used 130426K [0x0000000740000000, 0x0000000800000000)
  region size 2048K, 3 young (6144K), 1 survivors (2048K)
 Metaspace       used 101704K, committed 102720K, reserved 557056K
  class space    used 14123K, committed 14656K, reserved 425984K
}
Event: 198.648 GC heap after
{Heap after GC invocations=90 (full 0):
 garbage-first heap   total 151552K, used 126735K [0x0000000740000000, 0x0000000800000000)
  region size 2048K, 1 young (2048K), 1 survivors (2048K)
 Metaspace       used 101704K, committed 102720K, reserved 557056K
  class space    used 14123K, committed 14656K, reserved 425984K
}
Event: 198.903 GC heap before
{Heap before GC invocations=90 (full 0):
 garbage-first heap   total 151552K, used 130831K [0x0000000740000000, 0x0000000800000000)
  region size 2048K, 3 young (6144K), 1 survivors (2048K)
 Metaspace       used 101772K, committed 102784K, reserved 557056K
  class space    used 14132K, committed 14656K, reserved 425984K
}
Event: 198.909 GC heap after
{Heap after GC invocations=91 (full 0):
 garbage-first heap   total 182272K, used 127371K [0x0000000740000000, 0x0000000800000000)
  region size 2048K, 1 young (2048K), 1 survivors (2048K)
 Metaspace       used 101772K, committed 102784K, reserved 557056K
  class space    used 14132K, committed 14656K, reserved 425984K
}
Event: 200.737 GC heap before
{Heap before GC invocations=91 (full 0):
 garbage-first heap   total 182272K, used 151947K [0x0000000740000000, 0x0000000800000000)
  region size 2048K, 13 young (26624K), 1 survivors (2048K)
 Metaspace       used 102572K, committed 103552K, reserved 557056K
  class space    used 14228K, committed 14720K, reserved 425984K
}
Event: 200.745 GC heap after
{Heap after GC invocations=92 (full 0):
 garbage-first heap   total 182272K, used 129202K [0x0000000740000000, 0x0000000800000000)
  region size 2048K, 2 young (4096K), 2 survivors (4096K)
 Metaspace       used 102572K, committed 103552K, reserved 557056K
  class space    used 14228K, committed 14720K, reserved 425984K
}
Event: 202.805 GC heap before
{Heap before GC invocations=92 (full 0):
 garbage-first heap   total 182272K, used 153778K [0x0000000740000000, 0x0000000800000000)
  region size 2048K, 14 young (28672K), 2 survivors (4096K)
 Metaspace       used 103729K, committed 104768K, reserved 557056K
  class space    used 14367K, committed 14848K, reserved 425984K
}
Event: 202.814 GC heap after
{Heap after GC invocations=93 (full 0):
 garbage-first heap   total 182272K, used 131347K [0x0000000740000000, 0x0000000800000000)
  region size 2048K, 2 young (4096K), 2 survivors (4096K)
 Metaspace       used 103729K, committed 104768K, reserved 557056K
  class space    used 14367K, committed 14848K, reserved 425984K
}
Event: 205.245 GC heap before
{Heap before GC invocations=93 (full 0):
 garbage-first heap   total 182272K, used 153875K [0x0000000740000000, 0x0000000800000000)
  region size 2048K, 13 young (26624K), 2 survivors (4096K)
 Metaspace       used 105064K, committed 106112K, reserved 557056K
  class space    used 14523K, committed 15040K, reserved 425984K
}
Event: 205.259 GC heap after
{Heap after GC invocations=94 (full 0):
 garbage-first heap   total 182272K, used 133966K [0x0000000740000000, 0x0000000800000000)
  region size 2048K, 2 young (4096K), 2 survivors (4096K)
 Metaspace       used 105064K, committed 106112K, reserved 557056K
  class space    used 14523K, committed 15040K, reserved 425984K
}

