# JRE version: Java(TM) SE Runtime Environment (17.0.12+8) (build 17.0.12+8-LTS-286)
# Java VM: Java HotSpot(TM) 64-Bit Server VM (17.0.12+8-LTS-286, mixed mode, sharing, tiered, compressed oops, compressed class ptrs, g1 gc, windows-amd64)
GC Precious Log:
 CPUs: 8 total, 8 available
 Memory: 16227M
 Large Page Support: Disabled
 NUMA Support: Disabled
 Compressed Oops: Enabled (Zero based)
 Heap Region Size: 2M
 Heap Min Capacity: 8M
 Heap Initial Capacity: 254M
 Heap Max Capacity: 4G
 Pre-touch: Disabled
 Parallel Workers: 8
 Concurrent Workers: 2
 Concurrent Refinement Workers: 8
 Periodic GC: Disabled
Heap:
 garbage-first heap   total 727040K, used 661184K [0x0000000700000000, 0x0000000800000000)
  region size 2048K, 3 young (6144K), 3 survivors (6144K)
 Metaspace       used 205631K, committed 208704K, reserved 1048576K
  class space    used 27092K, committed 28480K, reserved 851968K
GC Heap History (20 events):
Event: 437.152 GC heap after
{Heap after GC invocations=192 (full 0):
 garbage-first heap   total 727040K, used 632560K [0x0000000700000000, 0x0000000800000000)
  region size 2048K, 2 young (4096K), 2 survivors (4096K)
 Metaspace       used 201448K, committed 204544K, reserved 1048576K
  class space    used 26654K, committed 28032K, reserved 851968K
}
Event: 438.505 GC heap before
{Heap before GC invocations=192 (full 0):
 garbage-first heap   total 727040K, used 661232K [0x0000000700000000, 0x0000000800000000)
  region size 2048K, 17 young (34816K), 2 survivors (4096K)
 Metaspace       used 202625K, committed 205696K, reserved 1048576K
  class space    used 26771K, committed 28160K, reserved 851968K
}
Event: 438.513 GC heap after
{Heap after GC invocations=193 (full 0):
 garbage-first heap   total 727040K, used 635766K [0x0000000700000000, 0x0000000800000000)
  region size 2048K, 3 young (6144K), 3 survivors (6144K)
 Metaspace       used 202625K, committed 205696K, reserved 1048576K
  class space    used 26771K, committed 28160K, reserved 851968K
}
Event: 439.053 GC heap before
{Heap before GC invocations=193 (full 0):
 garbage-first heap   total 727040K, used 662390K [0x0000000700000000, 0x0000000800000000)
  region size 2048K, 17 young (34816K), 3 survivors (6144K)
 Metaspace       used 203251K, committed 206336K, reserved 1048576K
  class space    used 26832K, committed 28224K, reserved 851968K
}
Event: 439.063 GC heap after
{Heap after GC invocations=194 (full 0):
 garbage-first heap   total 727040K, used 637848K [0x0000000700000000, 0x0000000800000000)
  region size 2048K, 2 young (4096K), 2 survivors (4096K)
 Metaspace       used 203251K, committed 206336K, reserved 1048576K
  class space    used 26832K, committed 28224K, reserved 851968K
}
Event: 439.537 GC heap before
{Heap before GC invocations=194 (full 0):
 garbage-first heap   total 727040K, used 666520K [0x0000000700000000, 0x0000000800000000)
  region size 2048K, 17 young (34816K), 2 survivors (4096K)
 Metaspace       used 203584K, committed 206656K, reserved 1048576K
  class space    used 26864K, committed 28224K, reserved 851968K
}
Event: 439.545 GC heap after
{Heap after GC invocations=195 (full 0):
 garbage-first heap   total 727040K, used 638635K [0x0000000700000000, 0x0000000800000000)
  region size 2048K, 2 young (4096K), 2 survivors (4096K)
 Metaspace       used 203584K, committed 206656K, reserved 1048576K
  class space    used 26864K, committed 28224K, reserved 851968K
}
Event: 440.644 GC heap before
{Heap before GC invocations=195 (full 0):
 garbage-first heap   total 727040K, used 667307K [0x0000000700000000, 0x0000000800000000)
  region size 2048K, 17 young (34816K), 2 survivors (4096K)
 Metaspace       used 204559K, committed 207616K, reserved 1048576K
  class space    used 26963K, committed 28352K, reserved 851968K
}
Event: 440.654 GC heap after
{Heap after GC invocations=196 (full 0):
 garbage-first heap   total 727040K, used 639762K [0x0000000700000000, 0x0000000800000000)
  region size 2048K, 2 young (4096K), 2 survivors (4096K)
 Metaspace       used 204559K, committed 207616K, reserved 1048576K
  class space    used 26963K, committed 28352K, reserved 851968K
}
Event: 441.109 GC heap before
{Heap before GC invocations=196 (full 0):
 garbage-first heap   total 727040K, used 658194K [0x0000000700000000, 0x0000000800000000)
  region size 2048K, 13 young (26624K), 2 survivors (4096K)
 Metaspace       used 205247K, committed 208320K, reserved 1048576K
  class space    used 27058K, committed 28416K, reserved 851968K
}
Event: 441.122 GC heap after
{Heap after GC invocations=197 (full 0):
 garbage-first heap   total 727040K, used 640895K [0x0000000700000000, 0x0000000800000000)
  region size 2048K, 2 young (4096K), 2 survivors (4096K)
 Metaspace       used 205247K, committed 208320K, reserved 1048576K
  class space    used 27058K, committed 28416K, reserved 851968K
}
Event: 442.450 GC heap before
{Heap before GC invocations=197 (full 0):
 garbage-first heap   total 727040K, used 673663K [0x0000000700000000, 0x0000000800000000)
  region size 2048K, 17 young (34816K), 2 survivors (4096K)
 Metaspace       used 205502K, committed 208576K, reserved 1048576K
  class space    used 27083K, committed 28480K, reserved 851968K
}
Event: 442.530 GC heap after
{Heap after GC invocations=198 (full 0):
 garbage-first heap   total 727040K, used 643513K [0x0000000700000000, 0x0000000800000000)
  region size 2048K, 3 young (6144K), 3 survivors (6144K)
 Metaspace       used 205502K, committed 208576K, reserved 1048576K
  class space    used 27083K, committed 28480K, reserved 851968K
}
Event: 443.183 GC heap before
{Heap before GC invocations=198 (full 0):
 garbage-first heap   total 727040K, used 670137K [0x0000000700000000, 0x0000000800000000)
  region size 2048K, 17 young (34816K), 3 survivors (6144K)
 Metaspace       used 205584K, committed 208640K, reserved 1048576K
  class space    used 27088K, committed 28480K, reserved 851968K
}
Event: 443.197 GC heap after
{Heap after GC invocations=199 (full 0):
 garbage-first heap   total 727040K, used 648251K [0x0000000700000000, 0x0000000800000000)
  region size 2048K, 3 young (6144K), 3 survivors (6144K)
 Metaspace       used 205584K, committed 208640K, reserved 1048576K
  class space    used 27088K, committed 28480K, reserved 851968K
}
Event: 443.329 GC heap before
{Heap before GC invocations=199 (full 0):
 garbage-first heap   total 727040K, used 674875K [0x0000000700000000, 0x0000000800000000)
  region size 2048K, 17 young (34816K), 3 survivors (6144K)
 Metaspace       used 205621K, committed 208704K, reserved 1048576K
  class space    used 27092K, committed 28480K, reserved 851968K
}
Event: 443.340 GC heap after
{Heap after GC invocations=200 (full 0):
 garbage-first heap   total 727040K, used 653501K [0x0000000700000000, 0x0000000800000000)
  region size 2048K, 3 young (6144K), 3 survivors (6144K)
 Metaspace       used 205621K, committed 208704K, reserved 1048576K
  class space    used 27092K, committed 28480K, reserved 851968K
}
Event: 443.449 GC heap before
{Heap before GC invocations=200 (full 0):
 garbage-first heap   total 727040K, used 680125K [0x0000000700000000, 0x0000000800000000)
  region size 2048K, 17 young (34816K), 3 survivors (6144K)
 Metaspace       used 205629K, committed 208704K, reserved 1048576K
  class space    used 27092K, committed 28480K, reserved 851968K
}
Event: 443.458 GC heap after
{Heap after GC invocations=201 (full 0):
 garbage-first heap   total 727040K, used 657084K [0x0000000700000000, 0x0000000800000000)
  region size 2048K, 2 young (4096K), 2 survivors (4096K)
 Metaspace       used 205629K, committed 208704K, reserved 1048576K
  class space    used 27092K, committed 28480K, reserved 851968K
}
Event: 443.606 GC heap before
{Heap before GC invocations=201 (full 0):
 garbage-first heap   total 727040K, used 687804K [0x0000000700000000, 0x0000000800000000)
  region size 2048K, 17 young (34816K), 2 survivors (4096K)
 Metaspace       used 205631K, committed 208704K, reserved 1048576K
  class space    used 27092K, committed 28480K, reserved 851968K
}

