# JRE version: Java(TM) SE Runtime Environment (17.0.12+8) (build 17.0.12+8-LTS-286)
# Java VM: Java HotSpot(TM) 64-Bit Server VM (17.0.12+8-LTS-286, mixed mode, sharing, tiered, compressed oops, compressed class ptrs, g1 gc, windows-amd64)
GC Precious Log:
 CPUs: 8 total, 8 available
 Memory: 16227M
 Large Page Support: Disabled
 NUMA Support: Disabled
 Compressed Oops: Enabled (Zero based)
 Heap Region Size: 2M
 Heap Min Capacity: 8M
 Heap Initial Capacity: 254M
 Heap Max Capacity: 4058M
 Pre-touch: Disabled
 Parallel Workers: 8
 Concurrent Workers: 2
 Concurrent Refinement Workers: 8
 Periodic GC: Disabled
Heap:
 garbage-first heap   total 260096K, used 132026K [0x0000000702600000, 0x0000000800000000)
  region size 2048K, 3 young (6144K), 3 survivors (6144K)
 Metaspace       used 62899K, committed 63232K, reserved 1114112K
  class space    used 6763K, committed 6912K, reserved 1048576K
GC Heap History (20 events):
Event: 23.451 GC heap after
{Heap after GC invocations=25 (full 0):
 garbage-first heap   total 163840K, used 89128K [0x0000000702600000, 0x0000000800000000)
  region size 2048K, 2 young (4096K), 2 survivors (4096K)
 Metaspace       used 56332K, committed 56640K, reserved 1114112K
  class space    used 6333K, committed 6464K, reserved 1048576K
}
Event: 25.622 GC heap before
{Heap before GC invocations=26 (full 0):
 garbage-first heap   total 163840K, used 128040K [0x0000000702600000, 0x0000000800000000)
  region size 2048K, 21 young (43008K), 2 survivors (4096K)
 Metaspace       used 56733K, committed 57024K, reserved 1114112K
  class space    used 6343K, committed 6464K, reserved 1048576K
}
Event: 25.649 GC heap after
{Heap after GC invocations=27 (full 0):
 garbage-first heap   total 163840K, used 94832K [0x0000000702600000, 0x0000000800000000)
  region size 2048K, 3 young (6144K), 3 survivors (6144K)
 Metaspace       used 56733K, committed 57024K, reserved 1114112K
  class space    used 6343K, committed 6464K, reserved 1048576K
}
Event: 27.240 GC heap before
{Heap before GC invocations=27 (full 0):
 garbage-first heap   total 163840K, used 129648K [0x0000000702600000, 0x0000000800000000)
  region size 2048K, 20 young (40960K), 3 survivors (6144K)
 Metaspace       used 57225K, committed 57536K, reserved 1114112K
  class space    used 6368K, committed 6528K, reserved 1048576K
}
Event: 27.267 GC heap after
{Heap after GC invocations=28 (full 0):
 garbage-first heap   total 196608K, used 97991K [0x0000000702600000, 0x0000000800000000)
  region size 2048K, 2 young (4096K), 2 survivors (4096K)
 Metaspace       used 57225K, committed 57536K, reserved 1114112K
  class space    used 6368K, committed 6528K, reserved 1048576K
}
Event: 30.842 GC heap before
{Heap before GC invocations=29 (full 0):
 garbage-first heap   total 196608K, used 151239K [0x0000000702600000, 0x0000000800000000)
  region size 2048K, 28 young (57344K), 2 survivors (4096K)
 Metaspace       used 57750K, committed 58048K, reserved 1114112K
  class space    used 6410K, committed 6528K, reserved 1048576K
}
Event: 30.861 GC heap after
{Heap after GC invocations=30 (full 0):
 garbage-first heap   total 196608K, used 104133K [0x0000000702600000, 0x0000000800000000)
  region size 2048K, 4 young (8192K), 4 survivors (8192K)
 Metaspace       used 57750K, committed 58048K, reserved 1114112K
  class space    used 6410K, committed 6528K, reserved 1048576K
}
Event: 30.974 GC heap before
{Heap before GC invocations=30 (full 0):
 garbage-first heap   total 196608K, used 104133K [0x0000000702600000, 0x0000000800000000)
  region size 2048K, 5 young (10240K), 4 survivors (8192K)
 Metaspace       used 57797K, committed 58048K, reserved 1114112K
  class space    used 6417K, committed 6528K, reserved 1048576K
}
Event: 30.999 GC heap after
{Heap after GC invocations=31 (full 0):
 garbage-first heap   total 196608K, used 104386K [0x0000000702600000, 0x0000000800000000)
  region size 2048K, 1 young (2048K), 1 survivors (2048K)
 Metaspace       used 57797K, committed 58048K, reserved 1114112K
  class space    used 6417K, committed 6528K, reserved 1048576K
}
Event: 34.323 GC heap before
{Heap before GC invocations=31 (full 0):
 garbage-first heap   total 196608K, used 153538K [0x0000000702600000, 0x0000000800000000)
  region size 2048K, 25 young (51200K), 1 survivors (2048K)
 Metaspace       used 61682K, committed 61952K, reserved 1114112K
  class space    used 6717K, committed 6848K, reserved 1048576K
}
Event: 34.336 GC heap after
{Heap after GC invocations=32 (full 0):
 garbage-first heap   total 196608K, used 106510K [0x0000000702600000, 0x0000000800000000)
  region size 2048K, 2 young (4096K), 2 survivors (4096K)
 Metaspace       used 61682K, committed 61952K, reserved 1114112K
  class space    used 6717K, committed 6848K, reserved 1048576K
}
Event: 37.535 GC heap before
{Heap before GC invocations=33 (full 0):
 garbage-first heap   total 196608K, used 155662K [0x0000000702600000, 0x0000000800000000)
  region size 2048K, 26 young (53248K), 2 survivors (4096K)
 Metaspace       used 62359K, committed 62720K, reserved 1114112K
  class space    used 6735K, committed 6912K, reserved 1048576K
}
Event: 37.562 GC heap after
{Heap after GC invocations=34 (full 0):
 garbage-first heap   total 196608K, used 110782K [0x0000000702600000, 0x0000000800000000)
  region size 2048K, 4 young (8192K), 4 survivors (8192K)
 Metaspace       used 62359K, committed 62720K, reserved 1114112K
  class space    used 6735K, committed 6912K, reserved 1048576K
}
Event: 37.599 GC heap before
{Heap before GC invocations=34 (full 0):
 garbage-first heap   total 196608K, used 112830K [0x0000000702600000, 0x0000000800000000)
  region size 2048K, 5 young (10240K), 4 survivors (8192K)
 Metaspace       used 62360K, committed 62720K, reserved 1114112K
  class space    used 6735K, committed 6912K, reserved 1048576K
}
Event: 37.626 GC heap after
{Heap after GC invocations=35 (full 0):
 garbage-first heap   total 196608K, used 110779K [0x0000000702600000, 0x0000000800000000)
  region size 2048K, 1 young (2048K), 1 survivors (2048K)
 Metaspace       used 62360K, committed 62720K, reserved 1114112K
  class space    used 6735K, committed 6912K, reserved 1048576K
}
Event: 38.440 GC heap before
{Heap before GC invocations=35 (full 0):
 garbage-first heap   total 196608K, used 157883K [0x0000000702600000, 0x0000000800000000)
  region size 2048K, 24 young (49152K), 1 survivors (2048K)
 Metaspace       used 62681K, committed 62976K, reserved 1114112K
  class space    used 6758K, committed 6912K, reserved 1048576K
}
Event: 38.458 GC heap after
{Heap after GC invocations=36 (full 0):
 garbage-first heap   total 196608K, used 118341K [0x0000000702600000, 0x0000000800000000)
  region size 2048K, 3 young (6144K), 3 survivors (6144K)
 Metaspace       used 62681K, committed 62976K, reserved 1114112K
  class space    used 6758K, committed 6912K, reserved 1048576K
}
Event: 39.333 GC heap before
{Heap before GC invocations=36 (full 0):
 garbage-first heap   total 196608K, used 159301K [0x0000000702600000, 0x0000000800000000)
  region size 2048K, 23 young (47104K), 3 survivors (6144K)
 Metaspace       used 62805K, committed 63104K, reserved 1114112K
  class space    used 6763K, committed 6912K, reserved 1048576K
}
Event: 39.364 GC heap after
{Heap after GC invocations=37 (full 0):
 garbage-first heap   total 196608K, used 125782K [0x0000000702600000, 0x0000000800000000)
  region size 2048K, 3 young (6144K), 3 survivors (6144K)
 Metaspace       used 62805K, committed 63104K, reserved 1114112K
  class space    used 6763K, committed 6912K, reserved 1048576K
}
Event: 40.016 GC heap before
{Heap before GC invocations=37 (full 0):
 garbage-first heap   total 196608K, used 158550K [0x0000000702600000, 0x0000000800000000)
  region size 2048K, 19 young (38912K), 3 survivors (6144K)
 Metaspace       used 62899K, committed 63232K, reserved 1114112K
  class space    used 6763K, committed 6912K, reserved 1048576K
}

