# JRE version: Java(TM) SE Runtime Environment (17.0.12+8) (build 17.0.12+8-LTS-286)
# Java VM: Java HotSpot(TM) 64-Bit Server VM (17.0.12+8-LTS-286, mixed mode, sharing, tiered, compressed oops, compressed class ptrs, g1 gc, windows-amd64)
GC Precious Log:
 CPUs: 8 total, 8 available
 Memory: 16227M
 Large Page Support: Disabled
 NUMA Support: Disabled
 Compressed Oops: Enabled (Zero based)
 Heap Region Size: 2M
 Heap Min Capacity: 8M
 Heap Initial Capacity: 254M
 Heap Max Capacity: 4G
 Pre-touch: Disabled
 Parallel Workers: 8
 Concurrent Workers: 2
 Concurrent Refinement Workers: 8
 Periodic GC: Disabled
Heap:
 garbage-first heap   total 260096K, used 26252K [0x0000000700000000, 0x0000000800000000)
  region size 2048K, 9 young (18432K), 7 survivors (14336K)
 Metaspace       used 21427K, committed 21760K, reserved 917504K
  class space    used 3110K, committed 3264K, reserved 851968K
GC Heap History (8 events):
Event: 1.521 GC heap before
{Heap before GC invocations=0 (full 0):
 garbage-first heap   total 260096K, used 22528K [0x0000000700000000, 0x0000000800000000)
  region size 2048K, 11 young (22528K), 0 survivors (0K)
 Metaspace       used 878K, committed 1024K, reserved 917504K
  class space    used 64K, committed 128K, reserved 851968K
}
Event: 1.771 GC heap after
{Heap after GC invocations=1 (full 0):
 garbage-first heap   total 260096K, used 1482K [0x0000000700000000, 0x0000000800000000)
  region size 2048K, 1 young (2048K), 1 survivors (2048K)
 Metaspace       used 878K, committed 1024K, reserved 917504K
  class space    used 64K, committed 128K, reserved 851968K
}
Event: 4.705 GC heap before
{Heap before GC invocations=1 (full 0):
 garbage-first heap   total 260096K, used 44490K [0x0000000700000000, 0x0000000800000000)
  region size 2048K, 20 young (40960K), 1 survivors (2048K)
 Metaspace       used 4373K, committed 4544K, reserved 917504K
  class space    used 546K, committed 640K, reserved 851968K
}
Event: 4.716 GC heap after
{Heap after GC invocations=2 (full 0):
 garbage-first heap   total 260096K, used 12022K [0x0000000700000000, 0x0000000800000000)
  region size 2048K, 3 young (6144K), 3 survivors (6144K)
 Metaspace       used 4373K, committed 4544K, reserved 917504K
  class space    used 546K, committed 640K, reserved 851968K
}
Event: 6.547 GC heap before
{Heap before GC invocations=2 (full 0):
 garbage-first heap   total 260096K, used 59126K [0x0000000700000000, 0x0000000800000000)
  region size 2048K, 27 young (55296K), 3 survivors (6144K)
 Metaspace       used 5133K, committed 5312K, reserved 917504K
  class space    used 682K, committed 768K, reserved 851968K
}
Event: 6.558 GC heap after
{Heap after GC invocations=3 (full 0):
 garbage-first heap   total 260096K, used 17075K [0x0000000700000000, 0x0000000800000000)
  region size 2048K, 3 young (6144K), 3 survivors (6144K)
 Metaspace       used 5133K, committed 5312K, reserved 917504K
  class space    used 682K, committed 768K, reserved 851968K
}
Event: 21.413 GC heap before
{Heap before GC invocations=3 (full 0):
 garbage-first heap   total 260096K, used 125619K [0x0000000700000000, 0x0000000800000000)
  region size 2048K, 57 young (116736K), 3 survivors (6144K)
 Metaspace       used 21152K, committed 21504K, reserved 917504K
  class space    used 3066K, committed 3200K, reserved 851968K
}
Event: 21.454 GC heap after
{Heap after GC invocations=4 (full 0):
 garbage-first heap   total 260096K, used 24204K [0x0000000700000000, 0x0000000800000000)
  region size 2048K, 7 young (14336K), 7 survivors (14336K)
 Metaspace       used 21152K, committed 21504K, reserved 917504K
  class space    used 3066K, committed 3200K, reserved 851968K
}

