# JRE version: Java(TM) SE Runtime Environment (17.0.12+8) (build 17.0.12+8-LTS-286)
# Java VM: Java HotSpot(TM) 64-Bit Server VM (17.0.12+8-LTS-286, mixed mode, sharing, tiered, compressed oops, compressed class ptrs, g1 gc, windows-amd64)
GC Precious Log:
 CPUs: 8 total, 8 available
 Memory: 16227M
 Large Page Support: Disabled
 NUMA Support: Disabled
 Compressed Oops: Enabled (Zero based)
 Heap Region Size: 2M
 Heap Min Capacity: 8M
 Heap Initial Capacity: 254M
 Heap Max Capacity: 3G
 Pre-touch: Disabled
 Parallel Workers: 8
 Concurrent Workers: 2
 Concurrent Refinement Workers: 8
 Periodic GC: Disabled
Heap:
 garbage-first heap   total 157696K, used 116455K [0x0000000740000000, 0x0000000800000000)
  region size 2048K, 6 young (12288K), 2 survivors (4096K)
 Metaspace       used 89644K, committed 90560K, reserved 557056K
  class space    used 12239K, committed 12672K, reserved 425984K
GC Heap History (20 events):
Event: 71.973 GC heap before
{Heap before GC invocations=36 (full 0):
 garbage-first heap   total 157696K, used 124667K [0x0000000740000000, 0x0000000800000000)
  region size 2048K, 25 young (51200K), 4 survivors (8192K)
 Metaspace       used 80257K, committed 81152K, reserved 557056K
  class space    used 11160K, committed 11584K, reserved 425984K
}
Event: 71.982 GC heap after
{Heap after GC invocations=37 (full 0):
 garbage-first heap   total 157696K, used 83765K [0x0000000740000000, 0x0000000800000000)
  region size 2048K, 2 young (4096K), 2 survivors (4096K)
 Metaspace       used 80257K, committed 81152K, reserved 557056K
  class space    used 11160K, committed 11584K, reserved 425984K
}
Event: 74.547 GC heap before
{Heap before GC invocations=37 (full 0):
 garbage-first heap   total 157696K, used 126773K [0x0000000740000000, 0x0000000800000000)
  region size 2048K, 23 young (47104K), 2 survivors (4096K)
 Metaspace       used 80282K, committed 81152K, reserved 557056K
  class space    used 11160K, committed 11584K, reserved 425984K
}
Event: 74.552 GC heap after
{Heap after GC invocations=38 (full 0):
 garbage-first heap   total 157696K, used 84591K [0x0000000740000000, 0x0000000800000000)
  region size 2048K, 2 young (4096K), 2 survivors (4096K)
 Metaspace       used 80282K, committed 81152K, reserved 557056K
  class space    used 11160K, committed 11584K, reserved 425984K
}
Event: 77.235 GC heap before
{Heap before GC invocations=38 (full 0):
 garbage-first heap   total 157696K, used 127599K [0x0000000740000000, 0x0000000800000000)
  region size 2048K, 23 young (47104K), 2 survivors (4096K)
 Metaspace       used 80287K, committed 81152K, reserved 557056K
  class space    used 11160K, committed 11584K, reserved 425984K
}
Event: 77.239 GC heap after
{Heap after GC invocations=39 (full 0):
 garbage-first heap   total 157696K, used 85430K [0x0000000740000000, 0x0000000800000000)
  region size 2048K, 2 young (4096K), 2 survivors (4096K)
 Metaspace       used 80287K, committed 81152K, reserved 557056K
  class space    used 11160K, committed 11584K, reserved 425984K
}
Event: 89.725 GC heap before
{Heap before GC invocations=39 (full 0):
 garbage-first heap   total 157696K, used 126390K [0x0000000740000000, 0x0000000800000000)
  region size 2048K, 23 young (47104K), 2 survivors (4096K)
 Metaspace       used 80319K, committed 81216K, reserved 557056K
  class space    used 11163K, committed 11584K, reserved 425984K
}
Event: 89.732 GC heap after
{Heap after GC invocations=40 (full 0):
 garbage-first heap   total 157696K, used 94313K [0x0000000740000000, 0x0000000800000000)
  region size 2048K, 3 young (6144K), 3 survivors (6144K)
 Metaspace       used 80319K, committed 81216K, reserved 557056K
  class space    used 11163K, committed 11584K, reserved 425984K
}
Event: 97.075 GC heap before
{Heap before GC invocations=40 (full 0):
 garbage-first heap   total 157696K, used 120937K [0x0000000740000000, 0x0000000800000000)
  region size 2048K, 17 young (34816K), 3 survivors (6144K)
 Metaspace       used 81830K, committed 82688K, reserved 557056K
  class space    used 11353K, committed 11776K, reserved 425984K
}
Event: 97.082 GC heap after
{Heap after GC invocations=41 (full 0):
 garbage-first heap   total 157696K, used 99238K [0x0000000740000000, 0x0000000800000000)
  region size 2048K, 3 young (6144K), 3 survivors (6144K)
 Metaspace       used 81830K, committed 82688K, reserved 557056K
  class space    used 11353K, committed 11776K, reserved 425984K
}
Event: 97.672 GC heap before
{Heap before GC invocations=41 (full 0):
 garbage-first heap   total 157696K, used 121766K [0x0000000740000000, 0x0000000800000000)
  region size 2048K, 15 young (30720K), 3 survivors (6144K)
 Metaspace       used 83902K, committed 84864K, reserved 557056K
  class space    used 11562K, committed 12032K, reserved 425984K
}
Event: 97.675 GC heap after
{Heap after GC invocations=42 (full 0):
 garbage-first heap   total 157696K, used 99548K [0x0000000740000000, 0x0000000800000000)
  region size 2048K, 1 young (2048K), 1 survivors (2048K)
 Metaspace       used 83902K, committed 84864K, reserved 557056K
  class space    used 11562K, committed 12032K, reserved 425984K
}
Event: 98.314 GC heap before
{Heap before GC invocations=42 (full 0):
 garbage-first heap   total 157696K, used 124124K [0x0000000740000000, 0x0000000800000000)
  region size 2048K, 13 young (26624K), 1 survivors (2048K)
 Metaspace       used 86178K, committed 87104K, reserved 557056K
  class space    used 11773K, committed 12224K, reserved 425984K
}
Event: 98.317 GC heap after
{Heap after GC invocations=43 (full 0):
 garbage-first heap   total 157696K, used 100247K [0x0000000740000000, 0x0000000800000000)
  region size 2048K, 1 young (2048K), 1 survivors (2048K)
 Metaspace       used 86178K, committed 87104K, reserved 557056K
  class space    used 11773K, committed 12224K, reserved 425984K
}
Event: 99.601 GC heap before
{Heap before GC invocations=43 (full 0):
 garbage-first heap   total 157696K, used 124823K [0x0000000740000000, 0x0000000800000000)
  region size 2048K, 14 young (28672K), 1 survivors (2048K)
 Metaspace       used 87081K, committed 88064K, reserved 557056K
  class space    used 11894K, committed 12352K, reserved 425984K
}
Event: 99.608 GC heap after
{Heap after GC invocations=44 (full 0):
 garbage-first heap   total 157696K, used 108162K [0x0000000740000000, 0x0000000800000000)
  region size 2048K, 2 young (4096K), 2 survivors (4096K)
 Metaspace       used 87081K, committed 88064K, reserved 557056K
  class space    used 11894K, committed 12352K, reserved 425984K
}
Event: 100.551 GC heap before
{Heap before GC invocations=44 (full 0):
 garbage-first heap   total 157696K, used 126594K [0x0000000740000000, 0x0000000800000000)
  region size 2048K, 11 young (22528K), 2 survivors (4096K)
 Metaspace       used 88020K, committed 88960K, reserved 557056K
  class space    used 12024K, committed 12480K, reserved 425984K
}
Event: 100.556 GC heap after
{Heap after GC invocations=45 (full 0):
 garbage-first heap   total 157696K, used 109412K [0x0000000740000000, 0x0000000800000000)
  region size 2048K, 1 young (2048K), 1 survivors (2048K)
 Metaspace       used 88020K, committed 88960K, reserved 557056K
  class space    used 12024K, committed 12480K, reserved 425984K
}
Event: 101.792 GC heap before
{Heap before GC invocations=45 (full 0):
 garbage-first heap   total 157696K, used 127844K [0x0000000740000000, 0x0000000800000000)
  region size 2048K, 10 young (20480K), 1 survivors (2048K)
 Metaspace       used 89226K, committed 90112K, reserved 557056K
  class space    used 12188K, committed 12608K, reserved 425984K
}
Event: 101.796 GC heap after
{Heap after GC invocations=46 (full 0):
 garbage-first heap   total 157696K, used 110311K [0x0000000740000000, 0x0000000800000000)
  region size 2048K, 2 young (4096K), 2 survivors (4096K)
 Metaspace       used 89226K, committed 90112K, reserved 557056K
  class space    used 12188K, committed 12608K, reserved 425984K
}

