# JRE version: Java(TM) SE Runtime Environment (17.0.12+8) (build 17.0.12+8-LTS-286)
# Java VM: Java HotSpot(TM) 64-Bit Server VM (17.0.12+8-LTS-286, mixed mode, sharing, tiered, compressed oops, compressed class ptrs, g1 gc, windows-amd64)
GC Precious Log:
 CPUs: 8 total, 8 available
 Memory: 16227M
 Large Page Support: Disabled
 NUMA Support: Disabled
 Compressed Oops: Enabled (Zero based)
 Heap Region Size: 2M
 Heap Min Capacity: 8M
 Heap Initial Capacity: 254M
 Heap Max Capacity: 4G
 Pre-touch: Disabled
 Parallel Workers: 8
 Concurrent Workers: 2
 Concurrent Refinement Workers: 8
 Periodic GC: Disabled
Heap:
 garbage-first heap   total 925696K, used 531188K [0x0000000700000000, 0x0000000800000000)
  region size 2048K, 2 young (4096K), 2 survivors (4096K)
 Metaspace       used 132161K, committed 135616K, reserved 983040K
  class space    used 17897K, committed 19392K, reserved 851968K
GC Heap History (20 events):
Event: 676.206 GC heap after
{Heap after GC invocations=117 (full 0):
 garbage-first heap   total 595968K, used 502560K [0x0000000700000000, 0x0000000800000000)
  region size 2048K, 2 young (4096K), 2 survivors (4096K)
 Metaspace       used 131509K, committed 134400K, reserved 983040K
  class space    used 17866K, committed 19200K, reserved 851968K
}
Event: 676.981 GC heap before
{Heap before GC invocations=117 (full 0):
 garbage-first heap   total 595968K, used 525088K [0x0000000700000000, 0x0000000800000000)
  region size 2048K, 14 young (28672K), 2 survivors (4096K)
 Metaspace       used 131742K, committed 134720K, reserved 983040K
  class space    used 17894K, committed 19264K, reserved 851968K
}
Event: 676.996 GC heap after
{Heap after GC invocations=118 (full 0):
 garbage-first heap   total 595968K, used 508406K [0x0000000700000000, 0x0000000800000000)
  region size 2048K, 2 young (4096K), 2 survivors (4096K)
 Metaspace       used 131742K, committed 134720K, reserved 983040K
  class space    used 17894K, committed 19264K, reserved 851968K
}
Event: 677.625 GC heap before
{Heap before GC invocations=118 (full 0):
 garbage-first heap   total 595968K, used 530934K [0x0000000700000000, 0x0000000800000000)
  region size 2048K, 14 young (28672K), 2 survivors (4096K)
 Metaspace       used 131784K, committed 134784K, reserved 983040K
  class space    used 17900K, committed 19264K, reserved 851968K
}
Event: 677.635 GC heap after
{Heap after GC invocations=119 (full 0):
 garbage-first heap   total 595968K, used 511101K [0x0000000700000000, 0x0000000800000000)
  region size 2048K, 2 young (4096K), 2 survivors (4096K)
 Metaspace       used 131784K, committed 134784K, reserved 983040K
  class space    used 17900K, committed 19264K, reserved 851968K
}
Event: 678.035 GC heap before
{Heap before GC invocations=119 (full 0):
 garbage-first heap   total 595968K, used 533629K [0x0000000700000000, 0x0000000800000000)
  region size 2048K, 14 young (28672K), 2 survivors (4096K)
 Metaspace       used 131791K, committed 134784K, reserved 983040K
  class space    used 17900K, committed 19264K, reserved 851968K
}
Event: 678.042 GC heap after
{Heap after GC invocations=120 (full 0):
 garbage-first heap   total 595968K, used 513173K [0x0000000700000000, 0x0000000800000000)
  region size 2048K, 2 young (4096K), 2 survivors (4096K)
 Metaspace       used 131791K, committed 134784K, reserved 983040K
  class space    used 17900K, committed 19264K, reserved 851968K
}
Event: 678.188 GC heap before
{Heap before GC invocations=120 (full 0):
 garbage-first heap   total 595968K, used 535701K [0x0000000700000000, 0x0000000800000000)
  region size 2048K, 14 young (28672K), 2 survivors (4096K)
 Metaspace       used 131791K, committed 134784K, reserved 983040K
  class space    used 17900K, committed 19264K, reserved 851968K
}
Event: 678.196 GC heap after
{Heap after GC invocations=121 (full 0):
 garbage-first heap   total 595968K, used 513806K [0x0000000700000000, 0x0000000800000000)
  region size 2048K, 1 young (2048K), 1 survivors (2048K)
 Metaspace       used 131791K, committed 134784K, reserved 983040K
  class space    used 17900K, committed 19264K, reserved 851968K
}
Event: 679.433 GC heap before
{Heap before GC invocations=121 (full 0):
 garbage-first heap   total 595968K, used 538382K [0x0000000700000000, 0x0000000800000000)
  region size 2048K, 14 young (28672K), 1 survivors (2048K)
 Metaspace       used 131950K, committed 134912K, reserved 983040K
  class space    used 17926K, committed 19264K, reserved 851968K
}
Event: 679.438 GC heap after
{Heap after GC invocations=122 (full 0):
 garbage-first heap   total 595968K, used 516020K [0x0000000700000000, 0x0000000800000000)
  region size 2048K, 2 young (4096K), 2 survivors (4096K)
 Metaspace       used 131950K, committed 134912K, reserved 983040K
  class space    used 17926K, committed 19264K, reserved 851968K
}
Event: 680.246 GC heap before
{Heap before GC invocations=122 (full 0):
 garbage-first heap   total 595968K, used 538548K [0x0000000700000000, 0x0000000800000000)
  region size 2048K, 14 young (28672K), 2 survivors (4096K)
 Metaspace       used 132220K, committed 135232K, reserved 983040K
  class space    used 17965K, committed 19328K, reserved 851968K
}
Event: 680.258 GC heap after
{Heap after GC invocations=123 (full 0):
 garbage-first heap   total 595968K, used 520436K [0x0000000700000000, 0x0000000800000000)
  region size 2048K, 2 young (4096K), 2 survivors (4096K)
 Metaspace       used 132220K, committed 135232K, reserved 983040K
  class space    used 17965K, committed 19328K, reserved 851968K
}
Event: 680.969 GC heap before
{Heap before GC invocations=123 (full 0):
 garbage-first heap   total 595968K, used 545012K [0x0000000700000000, 0x0000000800000000)
  region size 2048K, 14 young (28672K), 2 survivors (4096K)
 Metaspace       used 132325K, committed 135296K, reserved 983040K
  class space    used 17978K, committed 19328K, reserved 851968K
}
Event: 680.985 GC heap after
{Heap after GC invocations=124 (full 0):
 garbage-first heap   total 595968K, used 527123K [0x0000000700000000, 0x0000000800000000)
  region size 2048K, 2 young (4096K), 2 survivors (4096K)
 Metaspace       used 132325K, committed 135296K, reserved 983040K
  class space    used 17978K, committed 19328K, reserved 851968K
}
Event: 681.532 GC heap before
{Heap before GC invocations=124 (full 0):
 garbage-first heap   total 595968K, used 551699K [0x0000000700000000, 0x0000000800000000)
  region size 2048K, 14 young (28672K), 2 survivors (4096K)
 Metaspace       used 132348K, committed 135360K, reserved 983040K
  class space    used 17978K, committed 19328K, reserved 851968K
}
Event: 681.548 GC heap after
{Heap after GC invocations=125 (full 0):
 garbage-first heap   total 595968K, used 533293K [0x0000000700000000, 0x0000000800000000)
  region size 2048K, 2 young (4096K), 2 survivors (4096K)
 Metaspace       used 132348K, committed 135360K, reserved 983040K
  class space    used 17978K, committed 19328K, reserved 851968K
}
Event: 681.884 GC heap before
{Heap before GC invocations=125 (full 0):
 garbage-first heap   total 595968K, used 555821K [0x0000000700000000, 0x0000000800000000)
  region size 2048K, 14 young (28672K), 2 survivors (4096K)
 Metaspace       used 132348K, committed 135360K, reserved 983040K
  class space    used 17978K, committed 19328K, reserved 851968K
}
Event: 681.894 GC heap after
{Heap after GC invocations=126 (full 0):
 garbage-first heap   total 595968K, used 534495K [0x0000000700000000, 0x0000000800000000)
  region size 2048K, 1 young (2048K), 1 survivors (2048K)
 Metaspace       used 132348K, committed 135360K, reserved 983040K
  class space    used 17978K, committed 19328K, reserved 851968K
}
Event: 683.210 GC heap before
{Heap before GC invocations=126 (full 0):
 garbage-first heap   total 925696K, used 554975K [0x0000000700000000, 0x0000000800000000)
  region size 2048K, 14 young (28672K), 1 survivors (2048K)
 Metaspace       used 132161K, committed 135616K, reserved 983040K
  class space    used 17897K, committed 19392K, reserved 851968K
}

