# JRE version: Java(TM) SE Runtime Environment (17.0.12+8) (build 17.0.12+8-LTS-286)
# Java VM: Java HotSpot(TM) 64-Bit Server VM (17.0.12+8-LTS-286, mixed mode, sharing, tiered, compressed oops, compressed class ptrs, g1 gc, windows-amd64)
GC Precious Log:
 CPUs: 8 total, 8 available
 Memory: 16227M
 Large Page Support: Disabled
 NUMA Support: Disabled
 Compressed Oops: Enabled (Zero based)
 Heap Region Size: 2M
 Heap Min Capacity: 8M
 Heap Initial Capacity: 254M
 Heap Max Capacity: 4G
 Pre-touch: Disabled
 Parallel Workers: 8
 Concurrent Workers: 2
 Concurrent Refinement Workers: 8
 Periodic GC: Disabled
Heap:
 garbage-first heap   total 593920K, used 529395K [0x0000000700000000, 0x0000000800000000)
  region size 2048K, 9 young (18432K), 2 survivors (4096K)
 Metaspace       used 144021K, committed 146560K, reserved 983040K
  class space    used 19354K, committed 20480K, reserved 851968K
GC Heap History (20 events):
Event: 918.404 GC heap before
{Heap before GC invocations=145 (full 0):
 garbage-first heap   total 593920K, used 507389K [0x0000000700000000, 0x0000000800000000)
  region size 2048K, 30 young (61440K), 5 survivors (10240K)
 Metaspace       used 143599K, committed 146048K, reserved 983040K
  class space    used 19344K, committed 20416K, reserved 851968K
}
Event: 918.454 GC heap after
{Heap after GC invocations=146 (full 0):
 garbage-first heap   total 593920K, used 468057K [0x0000000700000000, 0x0000000800000000)
  region size 2048K, 4 young (8192K), 4 survivors (8192K)
 Metaspace       used 143599K, committed 146048K, reserved 983040K
  class space    used 19344K, committed 20416K, reserved 851968K
}
Event: 921.244 GC heap before
{Heap before GC invocations=146 (full 0):
 garbage-first heap   total 593920K, used 506969K [0x0000000700000000, 0x0000000800000000)
  region size 2048K, 24 young (49152K), 4 survivors (8192K)
 Metaspace       used 143684K, committed 146112K, reserved 983040K
  class space    used 19346K, committed 20416K, reserved 851968K
}
Event: 921.293 GC heap after
{Heap after GC invocations=147 (full 0):
 garbage-first heap   total 593920K, used 478165K [0x0000000700000000, 0x0000000800000000)
  region size 2048K, 3 young (6144K), 3 survivors (6144K)
 Metaspace       used 143684K, committed 146112K, reserved 983040K
  class space    used 19346K, committed 20416K, reserved 851968K
}
Event: 923.225 GC heap before
{Heap before GC invocations=147 (full 0):
 garbage-first heap   total 593920K, used 510933K [0x0000000700000000, 0x0000000800000000)
  region size 2048K, 19 young (38912K), 3 survivors (6144K)
 Metaspace       used 143721K, committed 146112K, reserved 983040K
  class space    used 19347K, committed 20416K, reserved 851968K
}
Event: 923.269 GC heap after
{Heap after GC invocations=148 (full 0):
 garbage-first heap   total 593920K, used 485376K [0x0000000700000000, 0x0000000800000000)
  region size 2048K, 3 young (6144K), 3 survivors (6144K)
 Metaspace       used 143721K, committed 146112K, reserved 983040K
  class space    used 19347K, committed 20416K, reserved 851968K
}
Event: 924.789 GC heap before
{Heap before GC invocations=148 (full 0):
 garbage-first heap   total 593920K, used 516096K [0x0000000700000000, 0x0000000800000000)
  region size 2048K, 18 young (36864K), 3 survivors (6144K)
 Metaspace       used 143744K, committed 146176K, reserved 983040K
  class space    used 19347K, committed 20416K, reserved 851968K
}
Event: 924.808 GC heap after
{Heap after GC invocations=149 (full 0):
 garbage-first heap   total 593920K, used 491346K [0x0000000700000000, 0x0000000800000000)
  region size 2048K, 3 young (6144K), 3 survivors (6144K)
 Metaspace       used 143744K, committed 146176K, reserved 983040K
  class space    used 19347K, committed 20416K, reserved 851968K
}
Event: 928.745 GC heap before
{Heap before GC invocations=149 (full 0):
 garbage-first heap   total 593920K, used 517970K [0x0000000700000000, 0x0000000800000000)
  region size 2048K, 16 young (32768K), 3 survivors (6144K)
 Metaspace       used 143774K, committed 146240K, reserved 983040K
  class space    used 19350K, committed 20416K, reserved 851968K
}
Event: 928.760 GC heap after
{Heap after GC invocations=150 (full 0):
 garbage-first heap   total 593920K, used 495027K [0x0000000700000000, 0x0000000800000000)
  region size 2048K, 2 young (4096K), 2 survivors (4096K)
 Metaspace       used 143774K, committed 146240K, reserved 983040K
  class space    used 19350K, committed 20416K, reserved 851968K
}
Event: 930.176 GC heap before
{Heap before GC invocations=150 (full 0):
 garbage-first heap   total 593920K, used 519603K [0x0000000700000000, 0x0000000800000000)
  region size 2048K, 14 young (28672K), 2 survivors (4096K)
 Metaspace       used 143821K, committed 146368K, reserved 983040K
  class space    used 19353K, committed 20480K, reserved 851968K
}
Event: 930.190 GC heap after
{Heap after GC invocations=151 (full 0):
 garbage-first heap   total 593920K, used 498731K [0x0000000700000000, 0x0000000800000000)
  region size 2048K, 2 young (4096K), 2 survivors (4096K)
 Metaspace       used 143821K, committed 146368K, reserved 983040K
  class space    used 19353K, committed 20480K, reserved 851968K
}
Event: 930.820 GC heap before
{Heap before GC invocations=151 (full 0):
 garbage-first heap   total 593920K, used 523307K [0x0000000700000000, 0x0000000800000000)
  region size 2048K, 14 young (28672K), 2 survivors (4096K)
 Metaspace       used 143858K, committed 146368K, reserved 983040K
  class space    used 19353K, committed 20480K, reserved 851968K
}
Event: 930.831 GC heap after
{Heap after GC invocations=152 (full 0):
 garbage-first heap   total 593920K, used 502362K [0x0000000700000000, 0x0000000800000000)
  region size 2048K, 2 young (4096K), 2 survivors (4096K)
 Metaspace       used 143858K, committed 146368K, reserved 983040K
  class space    used 19353K, committed 20480K, reserved 851968K
}
Event: 934.694 GC heap before
{Heap before GC invocations=152 (full 0):
 garbage-first heap   total 593920K, used 526938K [0x0000000700000000, 0x0000000800000000)
  region size 2048K, 14 young (28672K), 2 survivors (4096K)
 Metaspace       used 143930K, committed 146432K, reserved 983040K
  class space    used 19353K, committed 20480K, reserved 851968K
}
Event: 934.708 GC heap after
{Heap after GC invocations=153 (full 0):
 garbage-first heap   total 593920K, used 507618K [0x0000000700000000, 0x0000000800000000)
  region size 2048K, 2 young (4096K), 2 survivors (4096K)
 Metaspace       used 143930K, committed 146432K, reserved 983040K
  class space    used 19353K, committed 20480K, reserved 851968K
}
Event: 935.694 GC heap before
{Heap before GC invocations=153 (full 0):
 garbage-first heap   total 593920K, used 530146K [0x0000000700000000, 0x0000000800000000)
  region size 2048K, 14 young (28672K), 2 survivors (4096K)
 Metaspace       used 143955K, committed 146496K, reserved 983040K
  class space    used 19353K, committed 20480K, reserved 851968K
}
Event: 935.729 GC heap after
{Heap after GC invocations=154 (full 0):
 garbage-first heap   total 593920K, used 512008K [0x0000000700000000, 0x0000000800000000)
  region size 2048K, 2 young (4096K), 2 survivors (4096K)
 Metaspace       used 143955K, committed 146496K, reserved 983040K
  class space    used 19353K, committed 20480K, reserved 851968K
}
Event: 936.938 GC heap before
{Heap before GC invocations=154 (full 0):
 garbage-first heap   total 593920K, used 536584K [0x0000000700000000, 0x0000000800000000)
  region size 2048K, 14 young (28672K), 2 survivors (4096K)
 Metaspace       used 144011K, committed 146560K, reserved 983040K
  class space    used 19354K, committed 20480K, reserved 851968K
}
Event: 936.958 GC heap after
{Heap after GC invocations=155 (full 0):
 garbage-first heap   total 593920K, used 517107K [0x0000000700000000, 0x0000000800000000)
  region size 2048K, 2 young (4096K), 2 survivors (4096K)
 Metaspace       used 144011K, committed 146560K, reserved 983040K
  class space    used 19354K, committed 20480K, reserved 851968K
}

