# JRE version: Java(TM) SE Runtime Environment (17.0.12+8) (build 17.0.12+8-LTS-286)
# Java VM: Java HotSpot(TM) 64-Bit Server VM (17.0.12+8-LTS-286, mixed mode, sharing, tiered, compressed oops, compressed class ptrs, g1 gc, windows-amd64)
GC Precious Log:
 CPUs: 8 total, 8 available
 Memory: 16227M
 Large Page Support: Disabled
 NUMA Support: Disabled
 Compressed Oops: Enabled (Zero based)
 Heap Region Size: 2M
 Heap Min Capacity: 8M
 Heap Initial Capacity: 254M
 Heap Max Capacity: 4G
 Pre-touch: Disabled
 Parallel Workers: 8
 Concurrent Workers: 2
 Concurrent Refinement Workers: 8
 Periodic GC: Disabled
Heap:
 garbage-first heap   total 161792K, used 95253K [0x0000000700000000, 0x0000000800000000)
  region size 2048K, 6 young (12288K), 3 survivors (6144K)
 Metaspace       used 80168K, committed 81088K, reserved 983040K
  class space    used 11142K, committed 11584K, reserved 851968K
GC Heap History (20 events):
Event: 79.271 GC heap before
{Heap before GC invocations=38 (full 0):
 garbage-first heap   total 131072K, used 94545K [0x0000000700000000, 0x0000000800000000)
  region size 2048K, 12 young (24576K), 1 survivors (2048K)
 Metaspace       used 76760K, committed 77632K, reserved 983040K
  class space    used 10727K, committed 11136K, reserved 851968K
}
Event: 79.282 GC heap after
{Heap after GC invocations=39 (full 0):
 garbage-first heap   total 131072K, used 73928K [0x0000000700000000, 0x0000000800000000)
  region size 2048K, 2 young (4096K), 2 survivors (4096K)
 Metaspace       used 76760K, committed 77632K, reserved 983040K
  class space    used 10727K, committed 11136K, reserved 851968K
}
Event: 81.297 GC heap before
{Heap before GC invocations=39 (full 0):
 garbage-first heap   total 131072K, used 102600K [0x0000000700000000, 0x0000000800000000)
  region size 2048K, 16 young (32768K), 2 survivors (4096K)
 Metaspace       used 78035K, committed 78912K, reserved 983040K
  class space    used 10946K, committed 11392K, reserved 851968K
}
Event: 81.311 GC heap after
{Heap after GC invocations=40 (full 0):
 garbage-first heap   total 157696K, used 79251K [0x0000000700000000, 0x0000000800000000)
  region size 2048K, 2 young (4096K), 2 survivors (4096K)
 Metaspace       used 78035K, committed 78912K, reserved 983040K
  class space    used 10946K, committed 11392K, reserved 851968K
}
Event: 90.660 GC heap before
{Heap before GC invocations=41 (full 0):
 garbage-first heap   total 157696K, used 118163K [0x0000000700000000, 0x0000000800000000)
  region size 2048K, 22 young (45056K), 2 survivors (4096K)
 Metaspace       used 79414K, committed 80320K, reserved 983040K
  class space    used 11115K, committed 11584K, reserved 851968K
}
Event: 90.677 GC heap after
{Heap after GC invocations=42 (full 0):
 garbage-first heap   total 157696K, used 85214K [0x0000000700000000, 0x0000000800000000)
  region size 2048K, 3 young (6144K), 3 survivors (6144K)
 Metaspace       used 79414K, committed 80320K, reserved 983040K
  class space    used 11115K, committed 11584K, reserved 851968K
}
Event: 90.701 GC heap before
{Heap before GC invocations=42 (full 0):
 garbage-first heap   total 157696K, used 87262K [0x0000000700000000, 0x0000000800000000)
  region size 2048K, 4 young (8192K), 3 survivors (6144K)
 Metaspace       used 79414K, committed 80320K, reserved 983040K
  class space    used 11115K, committed 11584K, reserved 851968K
}
Event: 90.712 GC heap after
{Heap after GC invocations=43 (full 0):
 garbage-first heap   total 157696K, used 84877K [0x0000000700000000, 0x0000000800000000)
  region size 2048K, 1 young (2048K), 1 survivors (2048K)
 Metaspace       used 79414K, committed 80320K, reserved 983040K
  class space    used 11115K, committed 11584K, reserved 851968K
}
Event: 98.710 GC heap before
{Heap before GC invocations=43 (full 0):
 garbage-first heap   total 157696K, used 119693K [0x0000000700000000, 0x0000000800000000)
  region size 2048K, 19 young (38912K), 1 survivors (2048K)
 Metaspace       used 80051K, committed 80960K, reserved 983040K
  class space    used 11137K, committed 11584K, reserved 851968K
}
Event: 98.722 GC heap after
{Heap after GC invocations=44 (full 0):
 garbage-first heap   total 157696K, used 91319K [0x0000000700000000, 0x0000000800000000)
  region size 2048K, 3 young (6144K), 3 survivors (6144K)
 Metaspace       used 80051K, committed 80960K, reserved 983040K
  class space    used 11137K, committed 11584K, reserved 851968K
}
Event: 100.460 GC heap before
{Heap before GC invocations=45 (full 0):
 garbage-first heap   total 161792K, used 119991K [0x0000000700000000, 0x0000000800000000)
  region size 2048K, 18 young (36864K), 3 survivors (6144K)
 Metaspace       used 80108K, committed 81024K, reserved 983040K
  class space    used 11137K, committed 11584K, reserved 851968K
}
Event: 100.471 GC heap after
{Heap after GC invocations=46 (full 0):
 garbage-first heap   total 161792K, used 92973K [0x0000000700000000, 0x0000000800000000)
  region size 2048K, 2 young (4096K), 2 survivors (4096K)
 Metaspace       used 80108K, committed 81024K, reserved 983040K
  class space    used 11137K, committed 11584K, reserved 851968K
}
Event: 100.605 GC heap before
{Heap before GC invocations=46 (full 0):
 garbage-first heap   total 161792K, used 92973K [0x0000000700000000, 0x0000000800000000)
  region size 2048K, 3 young (6144K), 2 survivors (4096K)
 Metaspace       used 80108K, committed 81024K, reserved 983040K
  class space    used 11137K, committed 11584K, reserved 851968K
}
Event: 100.618 GC heap after
{Heap after GC invocations=47 (full 0):
 garbage-first heap   total 161792K, used 87342K [0x0000000700000000, 0x0000000800000000)
  region size 2048K, 1 young (2048K), 1 survivors (2048K)
 Metaspace       used 80108K, committed 81024K, reserved 983040K
  class space    used 11137K, committed 11584K, reserved 851968K
}
Event: 102.822 GC heap before
{Heap before GC invocations=47 (full 0):
 garbage-first heap   total 161792K, used 122158K [0x0000000700000000, 0x0000000800000000)
  region size 2048K, 19 young (38912K), 1 survivors (2048K)
 Metaspace       used 80120K, committed 81024K, reserved 983040K
  class space    used 11137K, committed 11584K, reserved 851968K
}
Event: 102.827 GC heap after
{Heap after GC invocations=48 (full 0):
 garbage-first heap   total 161792K, used 89812K [0x0000000700000000, 0x0000000800000000)
  region size 2048K, 2 young (4096K), 2 survivors (4096K)
 Metaspace       used 80120K, committed 81024K, reserved 983040K
  class space    used 11137K, committed 11584K, reserved 851968K
}
Event: 104.955 GC heap before
{Heap before GC invocations=48 (full 0):
 garbage-first heap   total 161792K, used 124628K [0x0000000700000000, 0x0000000800000000)
  region size 2048K, 20 young (40960K), 2 survivors (4096K)
 Metaspace       used 80123K, committed 81024K, reserved 983040K
  class space    used 11137K, committed 11584K, reserved 851968K
}
Event: 104.962 GC heap after
{Heap after GC invocations=49 (full 0):
 garbage-first heap   total 161792K, used 90959K [0x0000000700000000, 0x0000000800000000)
  region size 2048K, 2 young (4096K), 2 survivors (4096K)
 Metaspace       used 80123K, committed 81024K, reserved 983040K
  class space    used 11137K, committed 11584K, reserved 851968K
}
Event: 111.428 GC heap before
{Heap before GC invocations=49 (full 0):
 garbage-first heap   total 161792K, used 127823K [0x0000000700000000, 0x0000000800000000)
  region size 2048K, 21 young (43008K), 2 survivors (4096K)
 Metaspace       used 80161K, committed 81088K, reserved 983040K
  class space    used 11141K, committed 11584K, reserved 851968K
}
Event: 111.435 GC heap after
{Heap after GC invocations=50 (full 0):
 garbage-first heap   total 161792K, used 93205K [0x0000000700000000, 0x0000000800000000)
  region size 2048K, 3 young (6144K), 3 survivors (6144K)
 Metaspace       used 80161K, committed 81088K, reserved 983040K
  class space    used 11141K, committed 11584K, reserved 851968K
}

