# JRE version: Java(TM) SE Runtime Environment (17.0.12+8) (build 17.0.12+8-LTS-286)
# Java VM: Java HotSpot(TM) 64-Bit Server VM (17.0.12+8-LTS-286, mixed mode, sharing, tiered, compressed oops, compressed class ptrs, g1 gc, windows-amd64)
GC Precious Log:
 CPUs: 8 total, 8 available
 Memory: 16227M
 Large Page Support: Disabled
 NUMA Support: Disabled
 Compressed Oops: Enabled (Zero based)
 Heap Region Size: 2M
 Heap Min Capacity: 8M
 Heap Initial Capacity: 254M
 Heap Max Capacity: 4058M
 Pre-touch: Disabled
 Parallel Workers: 8
 Concurrent Workers: 2
 Concurrent Refinement Workers: 8
 Periodic GC: Disabled
Heap:
 garbage-first heap   total 286720K, used 142276K [0x0000000702600000, 0x0000000800000000)
  region size 2048K, 11 young (22528K), 1 survivors (2048K)
 Metaspace       used 79725K, committed 80064K, reserved 1179648K
  class space    used 8533K, committed 8704K, reserved 1048576K
GC Heap History (20 events):
Event: 13.124 GC heap before
{Heap before GC invocations=14 (full 0):
 garbage-first heap   total 90112K, used 64548K [0x0000000702600000, 0x0000000800000000)
  region size 2048K, 11 young (22528K), 2 survivors (4096K)
 Metaspace       used 45886K, committed 46080K, reserved 1114112K
  class space    used 5408K, committed 5504K, reserved 1048576K
}
Event: 13.156 GC heap after
{Heap after GC invocations=15 (full 0):
 garbage-first heap   total 219136K, used 50442K [0x0000000702600000, 0x0000000800000000)
  region size 2048K, 2 young (4096K), 2 survivors (4096K)
 Metaspace       used 45886K, committed 46080K, reserved 1114112K
  class space    used 5408K, committed 5504K, reserved 1048576K
}
Event: 19.123 GC heap before
{Heap before GC invocations=16 (full 0):
 garbage-first heap   total 178176K, used 146698K [0x0000000702600000, 0x0000000800000000)
  region size 2048K, 50 young (102400K), 2 survivors (4096K)
 Metaspace       used 53399K, committed 53760K, reserved 1114112K
  class space    used 6166K, committed 6336K, reserved 1048576K
}
Event: 19.160 GC heap after
{Heap after GC invocations=17 (full 0):
 garbage-first heap   total 178176K, used 65560K [0x0000000702600000, 0x0000000800000000)
  region size 2048K, 7 young (14336K), 7 survivors (14336K)
 Metaspace       used 53399K, committed 53760K, reserved 1114112K
  class space    used 6166K, committed 6336K, reserved 1048576K
}
Event: 21.388 GC heap before
{Heap before GC invocations=17 (full 0):
 garbage-first heap   total 178176K, used 122904K [0x0000000702600000, 0x0000000800000000)
  region size 2048K, 35 young (71680K), 7 survivors (14336K)
 Metaspace       used 54268K, committed 54592K, reserved 1114112K
  class space    used 6202K, committed 6336K, reserved 1048576K
}
Event: 21.444 GC heap after
{Heap after GC invocations=18 (full 0):
 garbage-first heap   total 178176K, used 78377K [0x0000000702600000, 0x0000000800000000)
  region size 2048K, 5 young (10240K), 5 survivors (10240K)
 Metaspace       used 54268K, committed 54592K, reserved 1114112K
  class space    used 6202K, committed 6336K, reserved 1048576K
}
Event: 23.979 GC heap before
{Heap before GC invocations=18 (full 0):
 garbage-first heap   total 178176K, used 125481K [0x0000000702600000, 0x0000000800000000)
  region size 2048K, 29 young (59392K), 5 survivors (10240K)
 Metaspace       used 57120K, committed 57408K, reserved 1114112K
  class space    used 6462K, committed 6592K, reserved 1048576K
}
Event: 24.017 GC heap after
{Heap after GC invocations=19 (full 0):
 garbage-first heap   total 178176K, used 87474K [0x0000000702600000, 0x0000000800000000)
  region size 2048K, 4 young (8192K), 4 survivors (8192K)
 Metaspace       used 57120K, committed 57408K, reserved 1114112K
  class space    used 6462K, committed 6592K, reserved 1048576K
}
Event: 29.199 GC heap before
{Heap before GC invocations=19 (full 0):
 garbage-first heap   total 178176K, used 132530K [0x0000000702600000, 0x0000000800000000)
  region size 2048K, 26 young (53248K), 4 survivors (8192K)
 Metaspace       used 59654K, committed 59904K, reserved 1114112K
  class space    used 6589K, committed 6720K, reserved 1048576K
}
Event: 29.228 GC heap after
{Heap after GC invocations=20 (full 0):
 garbage-first heap   total 178176K, used 91831K [0x0000000702600000, 0x0000000800000000)
  region size 2048K, 2 young (4096K), 2 survivors (4096K)
 Metaspace       used 59654K, committed 59904K, reserved 1114112K
  class space    used 6589K, committed 6720K, reserved 1048576K
}
Event: 31.317 GC heap before
{Heap before GC invocations=21 (full 0):
 garbage-first heap   total 178176K, used 136887K [0x0000000702600000, 0x0000000800000000)
  region size 2048K, 24 young (49152K), 2 survivors (4096K)
 Metaspace       used 60888K, committed 61184K, reserved 1114112K
  class space    used 6704K, committed 6848K, reserved 1048576K
}
Event: 31.342 GC heap after
{Heap after GC invocations=22 (full 0):
 garbage-first heap   total 178176K, used 98329K [0x0000000702600000, 0x0000000800000000)
  region size 2048K, 3 young (6144K), 3 survivors (6144K)
 Metaspace       used 60888K, committed 61184K, reserved 1114112K
  class space    used 6704K, committed 6848K, reserved 1048576K
}
Event: 31.434 GC heap before
{Heap before GC invocations=22 (full 0):
 garbage-first heap   total 178176K, used 100377K [0x0000000702600000, 0x0000000800000000)
  region size 2048K, 4 young (8192K), 3 survivors (6144K)
 Metaspace       used 61187K, committed 61504K, reserved 1114112K
  class space    used 6731K, committed 6848K, reserved 1048576K
}
Event: 31.453 GC heap after
{Heap after GC invocations=23 (full 0):
 garbage-first heap   total 178176K, used 98612K [0x0000000702600000, 0x0000000800000000)
  region size 2048K, 1 young (2048K), 1 survivors (2048K)
 Metaspace       used 61187K, committed 61504K, reserved 1114112K
  class space    used 6731K, committed 6848K, reserved 1048576K
}
Event: 33.863 GC heap before
{Heap before GC invocations=23 (full 0):
 garbage-first heap   total 178176K, used 139572K [0x0000000702600000, 0x0000000800000000)
  region size 2048K, 21 young (43008K), 1 survivors (2048K)
 Metaspace       used 67652K, committed 67968K, reserved 1114112K
  class space    used 7274K, committed 7424K, reserved 1048576K
}
Event: 33.878 GC heap after
{Heap after GC invocations=24 (full 0):
 garbage-first heap   total 286720K, used 103630K [0x0000000702600000, 0x0000000800000000)
  region size 2048K, 3 young (6144K), 3 survivors (6144K)
 Metaspace       used 67652K, committed 67968K, reserved 1114112K
  class space    used 7274K, committed 7424K, reserved 1048576K
}
Event: 38.779 GC heap before
{Heap before GC invocations=25 (full 0):
 garbage-first heap   total 286720K, used 212174K [0x0000000702600000, 0x0000000800000000)
  region size 2048K, 56 young (114688K), 3 survivors (6144K)
 Metaspace       used 76351K, committed 76672K, reserved 1179648K
  class space    used 8234K, committed 8384K, reserved 1048576K
}
Event: 38.834 GC heap after
{Heap after GC invocations=26 (full 0):
 garbage-first heap   total 286720K, used 121659K [0x0000000702600000, 0x0000000800000000)
  region size 2048K, 7 young (14336K), 7 survivors (14336K)
 Metaspace       used 76351K, committed 76672K, reserved 1179648K
  class space    used 8234K, committed 8384K, reserved 1048576K
}
Event: 38.973 GC heap before
{Heap before GC invocations=26 (full 0):
 garbage-first heap   total 286720K, used 123707K [0x0000000702600000, 0x0000000800000000)
  region size 2048K, 8 young (16384K), 7 survivors (14336K)
 Metaspace       used 76949K, committed 77312K, reserved 1179648K
  class space    used 8282K, committed 8448K, reserved 1048576K
}
Event: 39.004 GC heap after
{Heap after GC invocations=27 (full 0):
 garbage-first heap   total 286720K, used 123844K [0x0000000702600000, 0x0000000800000000)
  region size 2048K, 1 young (2048K), 1 survivors (2048K)
 Metaspace       used 76949K, committed 77312K, reserved 1179648K
  class space    used 8282K, committed 8448K, reserved 1048576K
}

