# JRE version: Java(TM) SE Runtime Environment (17.0.12+8) (build 17.0.12+8-LTS-286)
# Java VM: Java HotSpot(TM) 64-Bit Server VM (17.0.12+8-LTS-286, mixed mode, sharing, tiered, compressed oops, compressed class ptrs, g1 gc, windows-amd64)
GC Precious Log:
 CPUs: 8 total, 8 available
 Memory: 16227M
 Large Page Support: Disabled
 NUMA Support: Disabled
 Compressed Oops: Enabled (Zero based)
 Heap Region Size: 2M
 Heap Min Capacity: 8M
 Heap Initial Capacity: 254M
 Heap Max Capacity: 4G
 Pre-touch: Disabled
 Parallel Workers: 8
 Concurrent Workers: 2
 Concurrent Refinement Workers: 8
 Periodic GC: Disabled
Heap:
 garbage-first heap   total 489472K, used 454939K [0x0000000700000000, 0x0000000800000000)
  region size 2048K, 10 young (20480K), 2 survivors (4096K)
 Metaspace       used 131705K, committed 134080K, reserved 983040K
  class space    used 17882K, committed 18944K, reserved 851968K
GC Heap History (20 events):
Event: 228.138 GC heap before
{Heap before GC invocations=172 (full 0):
 garbage-first heap   total 489472K, used 431277K [0x0000000700000000, 0x0000000800000000)
  region size 2048K, 12 young (24576K), 2 survivors (4096K)
 Metaspace       used 131019K, committed 133312K, reserved 983040K
  class space    used 17844K, committed 18880K, reserved 851968K
}
Event: 228.142 GC heap after
{Heap after GC invocations=173 (full 0):
 garbage-first heap   total 489472K, used 411148K [0x0000000700000000, 0x0000000800000000)
  region size 2048K, 2 young (4096K), 2 survivors (4096K)
 Metaspace       used 131019K, committed 133312K, reserved 983040K
  class space    used 17844K, committed 18880K, reserved 851968K
}
Event: 228.999 GC heap before
{Heap before GC invocations=173 (full 0):
 garbage-first heap   total 489472K, used 431628K [0x0000000700000000, 0x0000000800000000)
  region size 2048K, 12 young (24576K), 2 survivors (4096K)
 Metaspace       used 131167K, committed 133504K, reserved 983040K
  class space    used 17848K, committed 18880K, reserved 851968K
}
Event: 229.006 GC heap after
{Heap after GC invocations=174 (full 0):
 garbage-first heap   total 489472K, used 413624K [0x0000000700000000, 0x0000000800000000)
  region size 2048K, 2 young (4096K), 2 survivors (4096K)
 Metaspace       used 131167K, committed 133504K, reserved 983040K
  class space    used 17848K, committed 18880K, reserved 851968K
}
Event: 230.103 GC heap before
{Heap before GC invocations=174 (full 0):
 garbage-first heap   total 489472K, used 434104K [0x0000000700000000, 0x0000000800000000)
  region size 2048K, 12 young (24576K), 2 survivors (4096K)
 Metaspace       used 131303K, committed 133696K, reserved 983040K
  class space    used 17856K, committed 18944K, reserved 851968K
}
Event: 230.111 GC heap after
{Heap after GC invocations=175 (full 0):
 garbage-first heap   total 489472K, used 416856K [0x0000000700000000, 0x0000000800000000)
  region size 2048K, 2 young (4096K), 2 survivors (4096K)
 Metaspace       used 131303K, committed 133696K, reserved 983040K
  class space    used 17856K, committed 18944K, reserved 851968K
}
Event: 232.852 GC heap before
{Heap before GC invocations=175 (full 0):
 garbage-first heap   total 489472K, used 433240K [0x0000000700000000, 0x0000000800000000)
  region size 2048K, 11 young (22528K), 2 survivors (4096K)
 Metaspace       used 131387K, committed 133760K, reserved 983040K
  class space    used 17866K, committed 18944K, reserved 851968K
}
Event: 232.859 GC heap after
{Heap after GC invocations=176 (full 0):
 garbage-first heap   total 489472K, used 420070K [0x0000000700000000, 0x0000000800000000)
  region size 2048K, 2 young (4096K), 2 survivors (4096K)
 Metaspace       used 131387K, committed 133760K, reserved 983040K
  class space    used 17866K, committed 18944K, reserved 851968K
}
Event: 233.124 GC heap before
{Heap before GC invocations=176 (full 0):
 garbage-first heap   total 489472K, used 438502K [0x0000000700000000, 0x0000000800000000)
  region size 2048K, 11 young (22528K), 2 survivors (4096K)
 Metaspace       used 131402K, committed 133824K, reserved 983040K
  class space    used 17867K, committed 18944K, reserved 851968K
}
Event: 233.129 GC heap after
{Heap after GC invocations=177 (full 0):
 garbage-first heap   total 489472K, used 421635K [0x0000000700000000, 0x0000000800000000)
  region size 2048K, 1 young (2048K), 1 survivors (2048K)
 Metaspace       used 131402K, committed 133824K, reserved 983040K
  class space    used 17867K, committed 18944K, reserved 851968K
}
Event: 233.867 GC heap before
{Heap before GC invocations=177 (full 0):
 garbage-first heap   total 489472K, used 440067K [0x0000000700000000, 0x0000000800000000)
  region size 2048K, 11 young (22528K), 1 survivors (2048K)
 Metaspace       used 131480K, committed 133888K, reserved 983040K
  class space    used 17871K, committed 18944K, reserved 851968K
}
Event: 233.875 GC heap after
{Heap after GC invocations=178 (full 0):
 garbage-first heap   total 489472K, used 426471K [0x0000000700000000, 0x0000000800000000)
  region size 2048K, 2 young (4096K), 2 survivors (4096K)
 Metaspace       used 131480K, committed 133888K, reserved 983040K
  class space    used 17871K, committed 18944K, reserved 851968K
}
Event: 235.143 GC heap before
{Heap before GC invocations=178 (full 0):
 garbage-first heap   total 489472K, used 444903K [0x0000000700000000, 0x0000000800000000)
  region size 2048K, 11 young (22528K), 2 survivors (4096K)
 Metaspace       used 131503K, committed 133888K, reserved 983040K
  class space    used 17873K, committed 18944K, reserved 851968K
}
Event: 235.151 GC heap after
{Heap after GC invocations=179 (full 0):
 garbage-first heap   total 489472K, used 429960K [0x0000000700000000, 0x0000000800000000)
  region size 2048K, 2 young (4096K), 2 survivors (4096K)
 Metaspace       used 131503K, committed 133888K, reserved 983040K
  class space    used 17873K, committed 18944K, reserved 851968K
}
Event: 236.115 GC heap before
{Heap before GC invocations=179 (full 0):
 garbage-first heap   total 489472K, used 448392K [0x0000000700000000, 0x0000000800000000)
  region size 2048K, 11 young (22528K), 2 survivors (4096K)
 Metaspace       used 131593K, committed 133952K, reserved 983040K
  class space    used 17876K, committed 18944K, reserved 851968K
}
Event: 236.123 GC heap after
{Heap after GC invocations=180 (full 0):
 garbage-first heap   total 489472K, used 434358K [0x0000000700000000, 0x0000000800000000)
  region size 2048K, 2 young (4096K), 2 survivors (4096K)
 Metaspace       used 131593K, committed 133952K, reserved 983040K
  class space    used 17876K, committed 18944K, reserved 851968K
}
Event: 236.743 GC heap before
{Heap before GC invocations=180 (full 0):
 garbage-first heap   total 489472K, used 452790K [0x0000000700000000, 0x0000000800000000)
  region size 2048K, 11 young (22528K), 2 survivors (4096K)
 Metaspace       used 131614K, committed 134016K, reserved 983040K
  class space    used 17878K, committed 18944K, reserved 851968K
}
Event: 236.751 GC heap after
{Heap after GC invocations=181 (full 0):
 garbage-first heap   total 489472K, used 436742K [0x0000000700000000, 0x0000000800000000)
  region size 2048K, 2 young (4096K), 2 survivors (4096K)
 Metaspace       used 131614K, committed 134016K, reserved 983040K
  class space    used 17878K, committed 18944K, reserved 851968K
}
Event: 237.224 GC heap before
{Heap before GC invocations=181 (full 0):
 garbage-first heap   total 489472K, used 455174K [0x0000000700000000, 0x0000000800000000)
  region size 2048K, 11 young (22528K), 2 survivors (4096K)
 Metaspace       used 131657K, committed 134016K, reserved 983040K
  class space    used 17878K, committed 18944K, reserved 851968K
}
Event: 237.233 GC heap after
{Heap after GC invocations=182 (full 0):
 garbage-first heap   total 489472K, used 440603K [0x0000000700000000, 0x0000000800000000)
  region size 2048K, 2 young (4096K), 2 survivors (4096K)
 Metaspace       used 131657K, committed 134016K, reserved 983040K
  class space    used 17878K, committed 18944K, reserved 851968K
}

